{"level":"info","message":"루트 URL에 접속했습니다.","service":"user-service","timestamp":"2023-05-13T23:45:19.982Z"}
{"level":"info","message":"submit 요청","service":"user-service","timestamp":"2023-05-13T23:45:23.379Z"}
{"level":"info","message":"루트 URL에 접속했습니다.","service":"user-service","timestamp":"2023-05-13T23:59:39.561Z"}
{"level":"info","message":"루트 URL에 접속했습니다.","service":"user-service","timestamp":"2023-05-14T00:12:58.655Z"}
{"level":"info","message":"루트 URL에 접속했습니다.","service":"user-service","timestamp":"2023-05-14T00:16:05.124Z"}
{"level":"info","message":"루트 URL에 접속했습니다.","service":"user-service","timestamp":"2023-05-14T00:16:44.755Z"}
{"level":"info","message":"루트 URL에 접속했습니다.","service":"user-service","timestamp":"2023-05-14T00:20:50.211Z"}
{"level":"info","message":"루트 URL에 접속했습니다.","service":"user-service","timestamp":"2023-05-14T00:20:57.705Z"}
{"level":"info","message":"루트 URL에 접속했습니다.","service":"user-service","timestamp":"2023-05-14T00:20:58.312Z"}
{"level":"info","message":"name : 한승찬, eamil : hsben99@naver.com ... mail send success","service":"user-service","timestamp":"2023-05-14T00:21:07.435Z"}
{"level":"info","message":"name : 한승찬, eamil : photo99wix@naver.com ... mail send success","service":"user-service","timestamp":"2023-05-14T00:22:14.450Z"}
{"level":"info","message":"name : 한승찬, eamil : photo99wix@gmail.com ... mail send success","service":"user-service","timestamp":"2023-05-14T00:22:46.946Z"}
{"level":"info","message":"루트 URL에 접속했습니다.","service":"user-service","timestamp":"2023-05-14T04:04:53.800Z"}
{"level":"info","message":"루트 URL에 접속했습니다.","service":"user-service","timestamp":"2023-05-14T04:12:49.521Z"}
{"level":"info","message":"루트 URL에 접속했습니다.","service":"user-service","timestamp":"2023-05-14T04:12:51.510Z"}
{"level":"info","message":"루트 URL에 접속했습니다.","service":"user-service","timestamp":"2023-05-14T04:13:02.016Z"}
{"level":"info","message":"루트 URL에 접속했습니다.","service":"user-service","timestamp":"2023-05-14T04:13:03.608Z"}
{"level":"info","message":"루트 URL에 접속했습니다.","service":"user-service","timestamp":"2023-05-14T04:13:35.294Z"}
{"level":"info","message":"루트 URL에 접속했습니다.","service":"user-service","timestamp":"2023-05-14T04:13:39.864Z"}
{"level":"info","message":"루트 URL에 접속했습니다.","service":"user-service","timestamp":"2023-05-14T04:13:40.417Z"}
{"level":"info","message":"루트 URL에 접속했습니다.","service":"user-service","timestamp":"2023-05-14T04:13:40.708Z"}
{"level":"info","message":"루트 URL에 접속했습니다.","service":"user-service","timestamp":"2023-05-14T04:14:55.844Z"}
{"level":"info","message":"루트 URL에 접속했습니다.","service":"user-service","timestamp":"2023-05-14T04:14:58.624Z"}
{"level":"info","message":"name : asdf, eamil : hsben99@naver.com ... mail send success","service":"user-service","timestamp":"2023-05-14T04:15:17.490Z"}
{"level":"info","message":"루트 URL에 접속했습니다.","service":"user-service","timestamp":"2023-05-14T04:24:08.580Z"}
{"level":"info","message":"루트 URL에 접속했습니다.","service":"user-service","timestamp":"2023-05-14T04:53:35.380Z"}
{"level":"info","message":"루트 URL에 접속했습니다.","service":"user-service","timestamp":"2023-05-14T04:54:01.529Z"}
{"level":"info","message":"루트 URL에 접속했습니다.","service":"user-service","timestamp":"2023-05-14T04:54:11.272Z"}
{"level":"info","message":"루트 URL에 접속했습니다.","service":"user-service","timestamp":"2023-05-14T05:31:40.419Z"}
{"level":"info","message":"루트 URL에 접속했습니다.","service":"user-service","timestamp":"2023-05-14T05:32:19.774Z"}
{"level":"info","message":"루트 URL에 접속했습니다.","service":"user-service","timestamp":"2023-05-14T08:15:15.166Z"}
{"level":"info","message":"name : 한승빈, eamil : hsben99@naver.com ... mail send success","service":"user-service","timestamp":"2023-05-14T08:15:25.081Z"}
{"level":"info","message":"루트 URL에 접속했습니다.","service":"user-service","timestamp":"2023-05-14T08:32:31.377Z"}
{"level":"info","message":"루트 URL에 접속했습니다.","service":"user-service","timestamp":"2023-05-14T08:32:33.338Z"}
{"level":"info","message":"루트 URL에 접속했습니다.","service":"user-service","timestamp":"2023-05-14T13:29:14.105Z"}
{"level":"info","message":"루트 URL에 접속했습니다.","service":"user-service","timestamp":"2023-05-14T14:38:40.716Z"}
{"level":"info","message":"루트 URL에 접속했습니다.","service":"user-service","timestamp":"2023-05-14T14:38:44.299Z"}
{"level":"info","message":"루트 URL에 접속했습니다.","service":"user-service","timestamp":"2023-05-14T14:38:46.001Z"}
{"level":"info","message":"루트 URL에 접속했습니다.","service":"user-service","timestamp":"2023-05-14T14:38:46.847Z"}
{"level":"info","message":"루트 URL에 접속했습니다.","service":"user-service","timestamp":"2023-05-14T14:38:47.712Z"}
{"level":"info","message":"루트 URL에 접속했습니다.","service":"user-service","timestamp":"2023-05-14T14:39:00.467Z"}
{"level":"info","message":"루트 URL에 접속했습니다.","service":"user-service","timestamp":"2023-05-14T14:39:02.091Z"}
{"level":"info","message":"루트 URL에 접속했습니다.","service":"user-service","timestamp":"2023-05-14T14:39:03.780Z"}
{"level":"info","message":"루트 URL에 접속했습니다.","service":"user-service","timestamp":"2023-05-14T14:39:35.108Z"}
{"level":"info","message":"루트 URL에 접속했습니다.","service":"user-service","timestamp":"2023-05-14T14:39:36.286Z"}
{"level":"info","message":"루트 URL에 접속했습니다.","service":"user-service","timestamp":"2023-05-14T14:39:40.234Z"}
{"level":"info","message":"루트 URL에 접속했습니다.","service":"user-service","timestamp":"2023-05-14T14:39:42.656Z"}
{"level":"info","message":"루트 URL에 접속했습니다.","service":"user-service","timestamp":"2023-05-14T14:39:43.773Z"}
{"level":"info","message":"루트 URL에 접속했습니다.","service":"user-service","timestamp":"2023-05-14T14:40:16.797Z"}
{"level":"info","message":"루트 URL에 접속했습니다.","service":"user-service","timestamp":"2023-05-14T14:40:35.835Z"}
